I, [2022-03-09T14:53:24.892623 #23968]  INFO -- Kitchen: -----> Starting Test Kitchen (v3.2.2)
I, [2022-03-09T14:53:26.337301 #23968]  INFO -- Kitchen: -----> Converging <base-centos-75>...
E, [2022-03-09T14:53:26.937479 #23968] ERROR -- Kitchen: ------Exception-------
E, [2022-03-09T14:53:26.937845 #23968] ERROR -- Kitchen: Class: Kitchen::ActionFailed
E, [2022-03-09T14:53:26.938206 #23968] ERROR -- Kitchen: Message: 1 actions failed.
>>>>>>     Converge failed on instance <base-centos-75>.  Please see .kitchen/logs/base-centos-75.log for more details
E, [2022-03-09T14:53:26.938303 #23968] ERROR -- Kitchen: ----------------------
E, [2022-03-09T14:53:26.938348 #23968] ERROR -- Kitchen: ------Backtrace-------
E, [2022-03-09T14:53:26.938394 #23968] ERROR -- Kitchen: /opt/chef-workstation/embedded/lib/ruby/gems/3.0.0/gems/test-kitchen-3.2.2/lib/kitchen/command.rb:181:in `report_errors'
E, [2022-03-09T14:53:26.938465 #23968] ERROR -- Kitchen: /opt/chef-workstation/embedded/lib/ruby/gems/3.0.0/gems/test-kitchen-3.2.2/lib/kitchen/command.rb:172:in `run_action'
E, [2022-03-09T14:53:26.938533 #23968] ERROR -- Kitchen: /opt/chef-workstation/embedded/lib/ruby/gems/3.0.0/gems/test-kitchen-3.2.2/lib/kitchen/command/action.rb:35:in `block in call'
E, [2022-03-09T14:53:26.938595 #23968] ERROR -- Kitchen: /opt/chef-workstation/embedded/lib/ruby/3.0.0/benchmark.rb:293:in `measure'
E, [2022-03-09T14:53:26.938694 #23968] ERROR -- Kitchen: /opt/chef-workstation/embedded/lib/ruby/gems/3.0.0/gems/test-kitchen-3.2.2/lib/kitchen/command/action.rb:33:in `call'
E, [2022-03-09T14:53:26.938762 #23968] ERROR -- Kitchen: /opt/chef-workstation/embedded/lib/ruby/gems/3.0.0/gems/test-kitchen-3.2.2/lib/kitchen/cli.rb:52:in `perform'
E, [2022-03-09T14:53:26.938854 #23968] ERROR -- Kitchen: /opt/chef-workstation/embedded/lib/ruby/gems/3.0.0/gems/test-kitchen-3.2.2/lib/kitchen/cli.rb:198:in `block (2 levels) in <class:CLI>'
E, [2022-03-09T14:53:26.938902 #23968] ERROR -- Kitchen: /opt/chef-workstation/embedded/lib/ruby/gems/3.0.0/gems/thor-1.2.1/lib/thor/command.rb:27:in `run'
E, [2022-03-09T14:53:26.938939 #23968] ERROR -- Kitchen: /opt/chef-workstation/embedded/lib/ruby/gems/3.0.0/gems/thor-1.2.1/lib/thor/invocation.rb:127:in `invoke_command'
E, [2022-03-09T14:53:26.938979 #23968] ERROR -- Kitchen: /opt/chef-workstation/embedded/lib/ruby/gems/3.0.0/gems/thor-1.2.1/lib/thor.rb:392:in `dispatch'
E, [2022-03-09T14:53:26.939068 #23968] ERROR -- Kitchen: /opt/chef-workstation/embedded/lib/ruby/gems/3.0.0/gems/thor-1.2.1/lib/thor/base.rb:485:in `start'
E, [2022-03-09T14:53:26.939095 #23968] ERROR -- Kitchen: /opt/chef-workstation/embedded/lib/ruby/gems/3.0.0/gems/test-kitchen-3.2.2/bin/kitchen:11:in `block in <top (required)>'
E, [2022-03-09T14:53:26.939136 #23968] ERROR -- Kitchen: /opt/chef-workstation/embedded/lib/ruby/gems/3.0.0/gems/test-kitchen-3.2.2/lib/kitchen/errors.rb:183:in `with_friendly_errors'
E, [2022-03-09T14:53:26.939159 #23968] ERROR -- Kitchen: /opt/chef-workstation/embedded/lib/ruby/gems/3.0.0/gems/test-kitchen-3.2.2/bin/kitchen:11:in `<top (required)>'
E, [2022-03-09T14:53:26.939180 #23968] ERROR -- Kitchen: /usr/local/bin/kitchen:383:in `load'
E, [2022-03-09T14:53:26.939203 #23968] ERROR -- Kitchen: /usr/local/bin/kitchen:383:in `<main>'
E, [2022-03-09T14:53:26.939227 #23968] ERROR -- Kitchen: ----End Backtrace-----
E, [2022-03-09T14:53:26.939248 #23968] ERROR -- Kitchen: -Composite Exception--
E, [2022-03-09T14:53:26.939269 #23968] ERROR -- Kitchen: Class: Kitchen::InstanceFailure
E, [2022-03-09T14:53:26.939290 #23968] ERROR -- Kitchen: Message: Converge failed on instance <base-centos-75>.  Please see .kitchen/logs/base-centos-75.log for more details
E, [2022-03-09T14:53:26.939319 #23968] ERROR -- Kitchen: ----------------------
E, [2022-03-09T14:53:26.939340 #23968] ERROR -- Kitchen: ------Backtrace-------
E, [2022-03-09T14:53:26.939359 #23968] ERROR -- Kitchen: /opt/chef-workstation/embedded/lib/ruby/gems/3.0.0/gems/test-kitchen-3.2.2/lib/kitchen/provisioner/base.rb:100:in `rescue in call'
E, [2022-03-09T14:53:26.939379 #23968] ERROR -- Kitchen: /opt/chef-workstation/embedded/lib/ruby/gems/3.0.0/gems/test-kitchen-3.2.2/lib/kitchen/provisioner/base.rb:99:in `call'
E, [2022-03-09T14:53:26.939423 #23968] ERROR -- Kitchen: /opt/chef-workstation/embedded/lib/ruby/gems/3.0.0/gems/test-kitchen-3.2.2/lib/kitchen/instance.rb:419:in `block in converge_action'
E, [2022-03-09T14:53:26.939445 #23968] ERROR -- Kitchen: /opt/chef-workstation/embedded/lib/ruby/gems/3.0.0/gems/test-kitchen-3.2.2/lib/kitchen/instance.rb:563:in `synchronize_or_call'
E, [2022-03-09T14:53:26.939466 #23968] ERROR -- Kitchen: /opt/chef-workstation/embedded/lib/ruby/gems/3.0.0/gems/test-kitchen-3.2.2/lib/kitchen/instance.rb:524:in `block in action'
E, [2022-03-09T14:53:26.939497 #23968] ERROR -- Kitchen: /opt/chef-workstation/embedded/lib/ruby/3.0.0/benchmark.rb:293:in `measure'
E, [2022-03-09T14:53:26.939519 #23968] ERROR -- Kitchen: /opt/chef-workstation/embedded/lib/ruby/gems/3.0.0/gems/test-kitchen-3.2.2/lib/kitchen/instance.rb:523:in `action'
E, [2022-03-09T14:53:26.939540 #23968] ERROR -- Kitchen: /opt/chef-workstation/embedded/lib/ruby/gems/3.0.0/gems/test-kitchen-3.2.2/lib/kitchen/instance.rb:414:in `converge_action'
E, [2022-03-09T14:53:26.939561 #23968] ERROR -- Kitchen: /opt/chef-workstation/embedded/lib/ruby/gems/3.0.0/gems/test-kitchen-3.2.2/lib/kitchen/instance.rb:392:in `block (2 levels) in transition_to'
E, [2022-03-09T14:53:26.939582 #23968] ERROR -- Kitchen: /opt/chef-workstation/embedded/lib/ruby/gems/3.0.0/gems/test-kitchen-3.2.2/lib/kitchen/lifecycle_hooks.rb:47:in `run_with_hooks'
E, [2022-03-09T14:53:26.939603 #23968] ERROR -- Kitchen: /opt/chef-workstation/embedded/lib/ruby/gems/3.0.0/gems/test-kitchen-3.2.2/lib/kitchen/instance.rb:391:in `block in transition_to'
E, [2022-03-09T14:53:26.939625 #23968] ERROR -- Kitchen: /opt/chef-workstation/embedded/lib/ruby/gems/3.0.0/gems/test-kitchen-3.2.2/lib/kitchen/instance.rb:390:in `each'
E, [2022-03-09T14:53:26.939646 #23968] ERROR -- Kitchen: /opt/chef-workstation/embedded/lib/ruby/gems/3.0.0/gems/test-kitchen-3.2.2/lib/kitchen/instance.rb:390:in `transition_to'
E, [2022-03-09T14:53:26.939681 #23968] ERROR -- Kitchen: /opt/chef-workstation/embedded/lib/ruby/gems/3.0.0/gems/test-kitchen-3.2.2/lib/kitchen/instance.rb:161:in `verify'
E, [2022-03-09T14:53:26.939701 #23968] ERROR -- Kitchen: /opt/chef-workstation/embedded/lib/ruby/gems/3.0.0/gems/test-kitchen-3.2.2/lib/kitchen/command.rb:195:in `public_send'
E, [2022-03-09T14:53:26.939721 #23968] ERROR -- Kitchen: /opt/chef-workstation/embedded/lib/ruby/gems/3.0.0/gems/test-kitchen-3.2.2/lib/kitchen/command.rb:195:in `run_action_in_thread'
E, [2022-03-09T14:53:26.939743 #23968] ERROR -- Kitchen: /opt/chef-workstation/embedded/lib/ruby/gems/3.0.0/gems/test-kitchen-3.2.2/lib/kitchen/command.rb:166:in `block (2 levels) in run_action'
E, [2022-03-09T14:53:26.939763 #23968] ERROR -- Kitchen: /opt/chef-workstation/embedded/lib/ruby/gems/3.0.0/gems/logging-2.3.0/lib/logging/diagnostic_context.rb:474:in `block in create_with_logging_context'
E, [2022-03-09T14:53:26.939784 #23968] ERROR -- Kitchen: ----End Backtrace-----
E, [2022-03-09T14:53:26.939832 #23968] ERROR -- Kitchen: ---Nested Exception---
E, [2022-03-09T14:53:26.939866 #23968] ERROR -- Kitchen: Class: Kitchen::ActionFailed
E, [2022-03-09T14:53:26.939886 #23968] ERROR -- Kitchen: Message: SSH exited (1) for command: [sh -c '
TEST_KITCHEN="1"; export TEST_KITCHEN
sudo -E /tmp/kitchen/bootstrap.sh dansebs_tryhabitat base
']
E, [2022-03-09T14:53:26.939906 #23968] ERROR -- Kitchen: ----------------------
E, [2022-03-09T14:53:26.939926 #23968] ERROR -- Kitchen: ------Backtrace-------
E, [2022-03-09T14:53:26.939945 #23968] ERROR -- Kitchen: /opt/chef-workstation/embedded/lib/ruby/gems/3.0.0/gems/test-kitchen-3.2.2/lib/kitchen/provisioner/base.rb:100:in `rescue in call'
E, [2022-03-09T14:53:26.939969 #23968] ERROR -- Kitchen: /opt/chef-workstation/embedded/lib/ruby/gems/3.0.0/gems/test-kitchen-3.2.2/lib/kitchen/provisioner/base.rb:99:in `call'
E, [2022-03-09T14:53:26.939990 #23968] ERROR -- Kitchen: /opt/chef-workstation/embedded/lib/ruby/gems/3.0.0/gems/test-kitchen-3.2.2/lib/kitchen/instance.rb:419:in `block in converge_action'
E, [2022-03-09T14:53:26.940025 #23968] ERROR -- Kitchen: /opt/chef-workstation/embedded/lib/ruby/gems/3.0.0/gems/test-kitchen-3.2.2/lib/kitchen/instance.rb:563:in `synchronize_or_call'
E, [2022-03-09T14:53:26.940046 #23968] ERROR -- Kitchen: /opt/chef-workstation/embedded/lib/ruby/gems/3.0.0/gems/test-kitchen-3.2.2/lib/kitchen/instance.rb:524:in `block in action'
E, [2022-03-09T14:53:26.940067 #23968] ERROR -- Kitchen: /opt/chef-workstation/embedded/lib/ruby/3.0.0/benchmark.rb:293:in `measure'
E, [2022-03-09T14:53:26.940087 #23968] ERROR -- Kitchen: /opt/chef-workstation/embedded/lib/ruby/gems/3.0.0/gems/test-kitchen-3.2.2/lib/kitchen/instance.rb:523:in `action'
E, [2022-03-09T14:53:26.940108 #23968] ERROR -- Kitchen: /opt/chef-workstation/embedded/lib/ruby/gems/3.0.0/gems/test-kitchen-3.2.2/lib/kitchen/instance.rb:414:in `converge_action'
E, [2022-03-09T14:53:26.940127 #23968] ERROR -- Kitchen: /opt/chef-workstation/embedded/lib/ruby/gems/3.0.0/gems/test-kitchen-3.2.2/lib/kitchen/instance.rb:392:in `block (2 levels) in transition_to'
E, [2022-03-09T14:53:26.940147 #23968] ERROR -- Kitchen: /opt/chef-workstation/embedded/lib/ruby/gems/3.0.0/gems/test-kitchen-3.2.2/lib/kitchen/lifecycle_hooks.rb:47:in `run_with_hooks'
E, [2022-03-09T14:53:26.940168 #23968] ERROR -- Kitchen: /opt/chef-workstation/embedded/lib/ruby/gems/3.0.0/gems/test-kitchen-3.2.2/lib/kitchen/instance.rb:391:in `block in transition_to'
E, [2022-03-09T14:53:26.940189 #23968] ERROR -- Kitchen: /opt/chef-workstation/embedded/lib/ruby/gems/3.0.0/gems/test-kitchen-3.2.2/lib/kitchen/instance.rb:390:in `each'
E, [2022-03-09T14:53:26.940214 #23968] ERROR -- Kitchen: /opt/chef-workstation/embedded/lib/ruby/gems/3.0.0/gems/test-kitchen-3.2.2/lib/kitchen/instance.rb:390:in `transition_to'
E, [2022-03-09T14:53:26.940234 #23968] ERROR -- Kitchen: /opt/chef-workstation/embedded/lib/ruby/gems/3.0.0/gems/test-kitchen-3.2.2/lib/kitchen/instance.rb:161:in `verify'
E, [2022-03-09T14:53:26.940255 #23968] ERROR -- Kitchen: /opt/chef-workstation/embedded/lib/ruby/gems/3.0.0/gems/test-kitchen-3.2.2/lib/kitchen/command.rb:195:in `public_send'
E, [2022-03-09T14:53:26.940289 #23968] ERROR -- Kitchen: /opt/chef-workstation/embedded/lib/ruby/gems/3.0.0/gems/test-kitchen-3.2.2/lib/kitchen/command.rb:195:in `run_action_in_thread'
E, [2022-03-09T14:53:26.940315 #23968] ERROR -- Kitchen: /opt/chef-workstation/embedded/lib/ruby/gems/3.0.0/gems/test-kitchen-3.2.2/lib/kitchen/command.rb:166:in `block (2 levels) in run_action'
E, [2022-03-09T14:53:26.940343 #23968] ERROR -- Kitchen: /opt/chef-workstation/embedded/lib/ruby/gems/3.0.0/gems/logging-2.3.0/lib/logging/diagnostic_context.rb:474:in `block in create_with_logging_context'
E, [2022-03-09T14:53:26.940366 #23968] ERROR -- Kitchen: ----End Backtrace-----
